<?xml version="1.0" encoding="UTF-8"?>
<!-- Generated by org.testng.reporters.JUnitReportReporter -->
<testsuite hostname="DESKTOP-O5C2PP7" failures="0" tests="4" name="cucumberOptions.TestNgRunner" time="12.897" errors="0" timestamp="2024-10-29T19:34:50 IST" skipped="0">
  <testcase classname="cucumberOptions.TestNgRunner" name="runScenario" time="4.136"/>
  <testcase classname="cucumberOptions.TestNgRunner" name="runScenario" time="1.651"/>
  <testcase classname="cucumberOptions.TestNgRunner" name="runScenario" time="3.940"/>
  <testcase classname="cucumberOptions.TestNgRunner" name="runScenario" time="3.170"/>
</testsuite> <!-- cucumberOptions.TestNgRunner -->
