<?xml version="1.0" encoding="UTF-8"?>
<!-- Generated by org.testng.reporters.JUnitReportReporter -->
<testsuite hostname="DESKTOP-O5C2PP7" failures="0" tests="2" name="cucumberOptions.TestNgRunner" time="31.874" errors="0" timestamp="2024-10-22T20:24:33 IST" skipped="0">
  <testcase classname="cucumberOptions.TestNgRunner" name="runScenario" time="19.269"/>
  <testcase classname="cucumberOptions.TestNgRunner" name="runScenario" time="12.605"/>
</testsuite> <!-- cucumberOptions.TestNgRunner -->
